Starting backup: D:\Capstone\backups\checkpoint_5_visual_meter_20260215_231502.zip
Zipping: .env
Zipping: .gitignore
Zipping: banner1.png
Zipping: CHANGELOG.md
Zipping: checkpoint_2.zip
Zipping: checkpoint_2_be.zip
Zipping: CHECKPOINT_DONE
Zipping: checkpoint_test.txt
Zipping: create_checkpoint.py
Zipping: create_checkpoint_debug.py
Zipping: diabetes.csv
Zipping: heart.csv
Zipping: parkinsons.csv
Zipping: README.md
Zipping: req.txt
Zipping: requirements-minimal.txt
Zipping: requirements.txt
Zipping: run_checkpoint.bat
Zipping: struct.txt
Zipping: .vscode\settings.json
Zipping: backend\diabetes_model.sav
Zipping: backend\diabetes_scaler.sav
Zipping: backend\heart_disease_model.sav
Zipping: backend\heart_scaler.sav
Zipping: backend\main.py
Zipping: backend\parkinsons_model.sav
Zipping: backend\parkinsons_scaler.sav
Zipping: backend\train_diabetes_model.ipynb
Zipping: backend\train_heart_model.ipynb
Zipping: backend\train_parkinsons_model.ipynb
Zipping: backend\utils.py
Zipping: backend\models\schemas.py
Zipping: backend\models\__init__.py
Zipping: backend\routes\bot.py
Zipping: backend\routes\diabetes.py
Zipping: backend\routes\heart.py
Zipping: backend\routes\parkinsons.py
Zipping: frontend\about.html
Zipping: frontend\banner1.png
Zipping: frontend\help.html
Zipping: frontend\index.html
Zipping: frontend\login.html
Zipping: frontend\product.html
Zipping: frontend\product.html.bak
Zipping: frontend\signup.html
Zipping: frontend\css\about.css
Zipping: frontend\css\global.css
Zipping: frontend\css\help.css
Zipping: frontend\css\home.css
Zipping: frontend\css\login.css
Zipping: frontend\css\product.css
Zipping: frontend\images\ath.jpg
Zipping: frontend\images\banner.jpg
Zipping: frontend\images\praj.png
Zipping: frontend\images\sak.jpg
Zipping: frontend\images\ved.jpg
Zipping: frontend\images\yug.jpg
Zipping: frontend\js\about.js
Zipping: frontend\js\global.js
Zipping: frontend\js\help.js
Zipping: frontend\js\home.js
Zipping: frontend\js\login.js
Zipping: frontend\js\product.js
Zipping: frontend\js\signup.js
Zipping: frontend\js\translations.js
Backup complete successfully.
